SF:lib/src/core/observable_async.dart
DA:15,7
DA:23,7
DA:24,7
DA:26,1
DA:27,1
DA:40,1
DA:42,2
DA:43,1
DA:45,1
DA:46,1
DA:49,1
DA:51,5
DA:52,1
DA:53,1
DA:55,1
DA:58,2
DA:60,3
DA:61,4
DA:66,2
DA:68,2
DA:70,2
DA:72,2
DA:87,2
DA:93,7
DA:100,14
DA:105,7
DA:108,6
DA:110,6
DA:111,6
DA:114,2
DA:115,2
DA:117,3
DA:122,9
DA:123,3
DA:124,3
DA:126,0
DA:127,0
DA:130,1
DA:131,2
DA:133,2
DA:135,0
DA:139,3
DA:142,0
DA:148,0
DA:156,7
DA:157,9
DA:158,7
DA:160,17
DA:161,7
DA:162,14
DA:166,3
DA:171,3
DA:173,3
DA:175,3
DA:179,7
DA:180,14
DA:190,2
DA:192,4
DA:195,2
DA:197,4
DA:198,2
DA:202,4
DA:208,1
DA:209,2
DA:211,7
DA:212,14
DA:214,0
DA:215,0
DA:217,3
DA:218,6
DA:220,1
DA:221,2
DA:226,0
DA:227,0
DA:229,0
DA:231,0
DA:234,0
DA:235,0
DA:237,0
DA:239,0
DA:242,0
DA:243,0
DA:245,0
DA:247,0
DA:250,5
DA:252,5
DA:253,10
DA:258,2
DA:260,2
DA:268,1
DA:270,1
DA:272,2
DA:273,2
DA:276,1
DA:278,2
DA:281,0
DA:283,0
DA:286,1
DA:288,2
DA:289,2
DA:290,2
DA:296,0
DA:297,0
LF:103
LH:80
end_of_record
SF:lib/src/core/rx_subscription.dart
DA:7,11
DA:9,10
DA:10,20
DA:19,8
DA:21,4
DA:22,8
DA:24,0
DA:25,0
DA:27,0
DA:28,0
DA:30,0
DA:31,0
DA:33,0
DA:34,0
DA:36,0
DA:37,0
DA:39,0
DA:40,0
DA:42,0
DA:43,0
LF:20
LH:6
end_of_record
SF:lib/src/core/additional/observable_group.dart
DA:14,2
DA:15,4
DA:16,6
DA:17,6
DA:24,1
DA:25,2
DA:26,1
DA:27,1
DA:33,2
DA:35,4
DA:36,4
DA:37,2
DA:38,6
DA:41,2
DA:43,4
DA:44,4
DA:45,2
DA:47,4
DA:48,2
LF:19
LH:19
end_of_record
SF:lib/src/core/observable_sync.dart
DA:12,13
DA:14,12
DA:15,12
DA:17,0
DA:18,0
DA:20,4
DA:22,4
DA:34,13
DA:35,13
DA:36,13
DA:44,2
DA:47,12
DA:48,12
DA:50,31
DA:51,12
DA:52,12
DA:56,12
DA:58,12
DA:59,12
DA:62,3
DA:63,3
DA:65,8
DA:70,16
DA:71,24
DA:72,8
DA:73,2
DA:74,24
DA:77,3
DA:82,6
DA:83,3
DA:86,3
DA:90,5
DA:92,10
DA:93,5
LF:34
LH:32
end_of_record
SF:lib/src/core/observable.dart
DA:90,2
DA:97,2
DA:98,2
DA:102,2
DA:103,4
DA:106,2
DA:107,1
DA:108,2
LF:8
LH:8
end_of_record
SF:lib/src/i_disposable.dart
DA:26,1
DA:28,1
DA:30,2
DA:33,1
DA:35,2
LF:5
LH:5
end_of_record
SF:lib/src/core/stream_adapters/from_stream_adapter.dart
DA:10,1
DA:12,1
DA:14,2
DA:15,2
DA:16,2
DA:17,1
DA:18,2
DA:24,1
DA:26,2
DA:27,1
LF:10
LH:10
end_of_record
SF:lib/src/core/mappers/sync_mapper.dart
DA:12,3
DA:17,15
DA:23,3
DA:26,12
DA:27,3
DA:30,1
DA:32,1
DA:33,1
DA:40,0
DA:41,0
DA:46,1
DA:51,1
DA:52,2
DA:53,1
DA:54,5
DA:55,2
DA:56,2
DA:59,2
DA:60,2
DA:61,4
DA:64,2
DA:69,2
DA:70,4
DA:71,8
DA:72,2
DA:76,1
DA:78,1
DA:79,2
DA:80,1
DA:81,5
DA:82,2
DA:83,1
DA:86,3
DA:87,2
DA:90,0
DA:91,0
DA:93,0
DA:95,0
DA:98,0
DA:100,0
DA:101,0
DA:102,0
DA:105,1
DA:107,1
DA:110,2
DA:111,4
DA:112,2
DA:113,0
DA:114,0
DA:115,0
DA:120,2
LF:51
LH:38
end_of_record
SF:lib/src/widget/extensions.dart
DA:7,2
DA:8,2
DA:11,2
DA:12,2
LF:4
LH:4
end_of_record
SF:lib/src/widget/listener.dart
DA:24,1
DA:40,1
DA:42,1
DA:43,1
DA:44,1
DA:45,1
DA:55,1
DA:62,1
DA:63,1
DA:70,1
DA:71,5
DA:72,1
DA:73,4
DA:78,1
DA:80,1
DA:81,1
DA:84,1
DA:86,1
DA:87,4
DA:88,2
DA:89,1
DA:93,1
DA:95,2
DA:96,1
DA:99,1
DA:100,2
LF:26
LH:26
end_of_record
